2025-11-27 14:08:21, MOVE, v:1, k:poo@agenda, mode:PICK
2025-11-27 14:08:26, EXEC, v:1, k:poo@agenda, mode:FULL, rate:0, size:63
2025-11-27 14:09:02, MOVE, v:1, k:poo@agenda, mode:BACK
2025-11-27 14:09:10, MOVE, v:1, k:poo@contato, mode:PICK
2025-11-27 14:09:11, EXEC, v:1, k:poo@contato, mode:FULL, rate:0, size:0
2025-11-27 14:09:12, EXEC, v:1, k:poo@contato, mode:FULL, rate:0
2025-11-27 14:09:16, MOVE, v:1, k:poo@contato, mode:BACK
2025-11-27 14:10:17, MOVE, v:1, k:poo@contato, mode:PICK
2025-11-27 14:10:46, EXEC, v:1, k:poo@contato, mode:FULL, rate:0
2025-11-27 14:25:17, MOVE, v:1, k:poo@contato, mode:BACK
2025-11-27 14:25:20, MOVE, v:1, k:poo@agenda, mode:PICK
2025-11-27 14:25:21, EXEC, v:1, k:poo@agenda, mode:FULL, rate:0
2025-11-27 14:30:48, EXEC, v:1, k:poo@agenda, mode:FULL, rate:0, size:65
2025-11-27 14:33:16, EXEC, v:1, k:poo@agenda, mode:FULL, rate:0, size:65
2025-11-27 14:53:15, EXEC, v:1, k:poo@agenda, mode:FULL, rate:0, size:71
2025-11-27 14:53:16, EXEC, v:1, k:poo@agenda, mode:FULL, rate:0
2025-11-27 14:58:41, EXEC, v:1, k:poo@agenda, mode:FULL, rate:0, size:70
2025-11-27 14:58:51, EXEC, v:1, k:poo@agenda, mode:FULL, rate:0
2025-11-27 21:29:33, MOVE, v:1, k:poo@agenda, mode:PICK
2025-11-27 21:29:34, EXEC, v:1, k:poo@agenda, mode:FULL, rate:0
2025-11-27 21:29:36, EXEC, v:1, k:poo@agenda, mode:FULL, rate:0
2025-11-27 21:29:37, EXEC, v:1, k:poo@agenda, mode:FULL, rate:0
2025-11-27 22:22:44, EXEC, v:1, k:poo@agenda, mode:FULL, rate:0
2025-11-27 22:47:01, EXEC, v:1, k:poo@agenda, mode:FULL, rate:0
2025-11-27 22:47:01, EXEC, v:1, k:poo@agenda, mode:FULL, rate:0
2025-11-27 22:54:29, EXEC, v:1, k:poo@agenda, mode:FULL, rate:0, size:73
2025-11-27 22:57:38, EXEC, v:1, k:poo@agenda, mode:FULL, rate:0, size:79
2025-11-27 22:57:38, EXEC, v:1, k:poo@agenda, mode:FULL, rate:0, size:79
2025-11-27 22:57:41, MOVE, v:1, k:poo@agenda, mode:BACK
